0 info it worked if it ends with ok
1 verbose cli [ 'C:\\Program Files\\nodejs\\node.exe',
1 verbose cli   'C:\\Users\\DanielDJORDJEVIC\\AppData\\Roaming\\npm\\node_modules\\npm\\bin\\npm-cli.js',
1 verbose cli   'run',
1 verbose cli   'serve' ]
2 info using npm@3.10.8
3 info using node@v6.7.0
4 verbose run-script [ 'preserve', 'serve', 'postserve' ]
5 info lifecycle algogen@1.0.0~preserve: algogen@1.0.0
6 silly lifecycle algogen@1.0.0~preserve: no script for preserve, continuing
7 info lifecycle algogen@1.0.0~serve: algogen@1.0.0
8 verbose lifecycle algogen@1.0.0~serve: unsafe-perm in lifecycle true
9 verbose lifecycle algogen@1.0.0~serve: PATH: C:\Users\DanielDJORDJEVIC\AppData\Roaming\npm\node_modules\npm\bin\node-gyp-bin;C:\WK\Perso\algogen\node_modules\.bin;C:\ProgramData\Oracle\Java\javapath;C:\Program Files (x86)\Intel\iCLS Client\;C:\Program Files\Intel\iCLS Client\;C:\Windows\system32;C:\Windows;C:\Windows\System32\Wbem;C:\Windows\System32\WindowsPowerShell\v1.0\;C:\Users\DanielDJORDJEVIC\.dnx\bin;C:\Program Files\Microsoft DNX\Dnvm\;C:\Program Files\Microsoft SQL Server\120\Tools\Binn\;C:\Program Files (x86)\NVIDIA Corporation\PhysX\Common;C:\Program Files\Microsoft SQL Server\130\Tools\Binn\;C:\Program Files (x86)\Microsoft SQL Server\130\DTS\Binn\;C:\Program Files (x86)\Microsoft SQL Server\130\Tools\Binn\ManagementStudio\;C:\Program Files (x86)\Microsoft SQL Server\130\Tools\Binn\;C:\Program Files (x86)\Microsoft SQL Server\Client SDK\ODBC\110\Tools\Binn\;C:\Program Files\Intel\WiFi\bin\;C:\Program Files\Common Files\Intel\WirelessCommon\;C:\Program Files\Microsoft\Web Platform Installer\;C:\Program Files (x86)\Microsoft ASP.NET\ASP.NET Web Pages\v1.0\;C:\Program Files\Microsoft SQL Server\110\Tools\Binn\;C:\Program Files (x86)\Microsoft SDKs\Azure\CLI\wbin;C:\Program Files (x86)\Skype\Phone\;C:\Program Files (x86)\Intel\Intel(R) Management Engine Components\DAL;C:\Program Files\Intel\Intel(R) Management Engine Components\DAL;C:\Program Files (x86)\Intel\Intel(R) Management Engine Components\IPT;C:\Program Files\Intel\Intel(R) Management Engine Components\IPT;%TFSPowerToolDir%;C:\Program Files (x86)\Windows Kits\10\Windows Performance Toolkit\;C:\Program Files\dotnet\;C:\Program Files (x86)\Microsoft Emulator Manager\1.0\;C:\Program Files\Git\cmd;C:\Program Files\nodejs\;C:\WK\Inwink\core\InfiniteSquare_InWink\src\InWink.Cli\bin\Debug\net461\win7-x64;C:\Program Files (x86)\Android\android-sdk\platform-tools;C:\Android;C:\Program Files (x86)\Microsoft VS Code\bin;C:\Program Files (x86)\Microsoft Team Foundation Server 2015 Power Tools;C:\Users\DanielDJORDJEVIC\AppData\Roaming\npm
10 verbose lifecycle algogen@1.0.0~serve: CWD: C:\WK\Perso\algogen
11 silly lifecycle algogen@1.0.0~serve: Args: [ '/d /s /c', 'webpack -w | live-server dist' ]
12 silly lifecycle algogen@1.0.0~serve: Returned: code: 3221225786  signal: null
13 info lifecycle algogen@1.0.0~serve: Failed to exec serve script
14 verbose stack Error: algogen@1.0.0 serve: `webpack -w | live-server dist`
14 verbose stack Exit status 3221225786
14 verbose stack     at EventEmitter.<anonymous> (C:\Users\DanielDJORDJEVIC\AppData\Roaming\npm\node_modules\npm\lib\utils\lifecycle.js:255:16)
14 verbose stack     at emitTwo (events.js:106:13)
14 verbose stack     at EventEmitter.emit (events.js:191:7)
14 verbose stack     at ChildProcess.<anonymous> (C:\Users\DanielDJORDJEVIC\AppData\Roaming\npm\node_modules\npm\lib\utils\spawn.js:40:14)
14 verbose stack     at emitTwo (events.js:106:13)
14 verbose stack     at ChildProcess.emit (events.js:191:7)
14 verbose stack     at maybeClose (internal/child_process.js:877:16)
14 verbose stack     at Process.ChildProcess._handle.onexit (internal/child_process.js:226:5)
15 verbose pkgid algogen@1.0.0
16 verbose cwd C:\WK\Perso\algogen
17 error Windows_NT 10.0.10240
18 error argv "C:\\Program Files\\nodejs\\node.exe" "C:\\Users\\DanielDJORDJEVIC\\AppData\\Roaming\\npm\\node_modules\\npm\\bin\\npm-cli.js" "run" "serve"
19 error node v6.7.0
20 error npm  v3.10.8
21 error code ELIFECYCLE
22 error algogen@1.0.0 serve: `webpack -w | live-server dist`
22 error Exit status 3221225786
23 error Failed at the algogen@1.0.0 serve script 'webpack -w | live-server dist'.
23 error Make sure you have the latest version of node.js and npm installed.
23 error If you do, this is most likely a problem with the algogen package,
23 error not with npm itself.
23 error Tell the author that this fails on your system:
23 error     webpack -w | live-server dist
23 error You can get information on how to open an issue for this project with:
23 error     npm bugs algogen
23 error Or if that isn't available, you can get their info via:
23 error     npm owner ls algogen
23 error There is likely additional logging output above.
24 verbose exit [ 1, true ]
